[debug] [2025-03-18T16:45:38.461Z] ----------------------------------------------------------------------
[debug] [2025-03-18T16:45:38.469Z] Command:       C:\Program Files\nodejs\node.exe C:\Users\rhena\AppData\Roaming\npm\node_modules\firebase-tools\lib\bin\firebase.js apps:list
[debug] [2025-03-18T16:45:38.469Z] CLI Version:   13.34.0
[debug] [2025-03-18T16:45:38.469Z] Platform:      win32
[debug] [2025-03-18T16:45:38.469Z] Node Version:  v22.14.0
[debug] [2025-03-18T16:45:38.470Z] Time:          Tue Mar 18 2025 19:45:38 GMT+0300 (Arabian Standard Time)
[debug] [2025-03-18T16:45:38.470Z] ----------------------------------------------------------------------
[debug] 
[debug] [2025-03-18T16:45:38.612Z] > command requires scopes: ["email","openid","https://www.googleapis.com/auth/cloudplatformprojects.readonly","https://www.googleapis.com/auth/firebase","https://www.googleapis.com/auth/cloud-platform"]
[debug] [2025-03-18T16:45:38.612Z] > authorizing via signed-in user (fernando@ayn-almanal.com)
[debug] [2025-03-18T16:45:38.617Z] Checked if tokens are valid: true, expires at: 1742319870527
[debug] [2025-03-18T16:45:38.617Z] Checked if tokens are valid: true, expires at: 1742319870527
[debug] [2025-03-18T16:45:38.618Z] >>> [apiv2][query] GET https://firebase.googleapis.com/v1beta1/projects/marsos-hosting:searchApps pageSize=100
[debug] [2025-03-18T16:45:39.381Z] <<< [apiv2][status] GET https://firebase.googleapis.com/v1beta1/projects/marsos-hosting:searchApps 403
[debug] [2025-03-18T16:45:39.382Z] <<< [apiv2][body] GET https://firebase.googleapis.com/v1beta1/projects/marsos-hosting:searchApps {"error":{"code":403,"message":"The caller does not have permission","status":"PERMISSION_DENIED"}}
[debug] [2025-03-18T16:45:39.382Z] Request to https://firebase.googleapis.com/v1beta1/projects/marsos-hosting:searchApps?pageSize=100 had HTTP Error: 403, The caller does not have permission
[debug] [2025-03-18T16:45:39.661Z] FirebaseError: Request to https://firebase.googleapis.com/v1beta1/projects/marsos-hosting:searchApps?pageSize=100 had HTTP Error: 403, The caller does not have permission
    at responseToError (C:\Users\rhena\AppData\Roaming\npm\node_modules\firebase-tools\lib\responseToError.js:52:12)
    at RetryOperation._fn (C:\Users\rhena\AppData\Roaming\npm\node_modules\firebase-tools\lib\apiv2.js:312:77)
    at process.processTicksAndRejections (node:internal/process/task_queues:105:5)
[error] 
[error] Error: Failed to list Firebase apps. See firebase-debug.log for more info.
[debug] [2025-03-18T16:46:34.873Z] ----------------------------------------------------------------------
[debug] [2025-03-18T16:46:34.875Z] Command:       C:\Program Files\nodejs\node.exe C:\Users\rhena\AppData\Roaming\npm\node_modules\firebase-tools\lib\bin\firebase.js apps:list --debug
[debug] [2025-03-18T16:46:34.875Z] CLI Version:   13.34.0
[debug] [2025-03-18T16:46:34.875Z] Platform:      win32
[debug] [2025-03-18T16:46:34.875Z] Node Version:  v22.14.0
[debug] [2025-03-18T16:46:34.875Z] Time:          Tue Mar 18 2025 19:46:34 GMT+0300 (Arabian Standard Time)
[debug] [2025-03-18T16:46:34.875Z] ----------------------------------------------------------------------
[debug] 
[debug] [2025-03-18T16:46:35.007Z] > command requires scopes: ["email","openid","https://www.googleapis.com/auth/cloudplatformprojects.readonly","https://www.googleapis.com/auth/firebase","https://www.googleapis.com/auth/cloud-platform"]
[debug] [2025-03-18T16:46:35.009Z] > authorizing via signed-in user (fernando@ayn-almanal.com)
[debug] [2025-03-18T16:46:35.012Z] Checked if tokens are valid: true, expires at: 1742319870527
[debug] [2025-03-18T16:46:35.012Z] Checked if tokens are valid: true, expires at: 1742319870527
[debug] [2025-03-18T16:46:35.014Z] >>> [apiv2][query] GET https://firebase.googleapis.com/v1beta1/projects/marsos-hosting:searchApps pageSize=100
[debug] [2025-03-18T16:46:35.576Z] <<< [apiv2][status] GET https://firebase.googleapis.com/v1beta1/projects/marsos-hosting:searchApps 403
[debug] [2025-03-18T16:46:35.577Z] <<< [apiv2][body] GET https://firebase.googleapis.com/v1beta1/projects/marsos-hosting:searchApps {"error":{"code":403,"message":"The caller does not have permission","status":"PERMISSION_DENIED"}}
[debug] [2025-03-18T16:46:35.579Z] Request to https://firebase.googleapis.com/v1beta1/projects/marsos-hosting:searchApps?pageSize=100 had HTTP Error: 403, The caller does not have permission
[debug] [2025-03-18T16:46:35.840Z] FirebaseError: Request to https://firebase.googleapis.com/v1beta1/projects/marsos-hosting:searchApps?pageSize=100 had HTTP Error: 403, The caller does not have permission
    at responseToError (C:\Users\rhena\AppData\Roaming\npm\node_modules\firebase-tools\lib\responseToError.js:52:12)
    at RetryOperation._fn (C:\Users\rhena\AppData\Roaming\npm\node_modules\firebase-tools\lib\apiv2.js:312:77)
    at process.processTicksAndRejections (node:internal/process/task_queues:105:5)
[error] 
[error] Error: Failed to list Firebase apps. See firebase-debug.log for more info.
